<?xml version="1.0" encoding="UTF-8"?>
<!-- Generated by org.testng.reporters.JUnitXMLReporter -->
<testsuite ignored="0" hostname="LTIN718733" failures="0" tests="10" name="Surefire test" time="76.925" errors="0" timestamp="2026-04-20T11:17:47 IST">
  <testcase classname="com.tests.HomePageTests" name="VerifyHomePage" time="0.033"/>
  <testcase classname="com.tests.HomePageTests" name="NoOfLinksInWebPage" time="0.351"/>
  <testcase classname="com.tests.HomePageTests" name="VerifySearchText" time="0.115"/>
  <testcase classname="com.tests.HomePageTests" name="ScreenshotOfSearchSuggestion" time="0.734"/>
  <testcase classname="com.tests.HomePageTests" name="NoOfSearchSuggestionDisplayed" time="50.064"/>
  <testcase classname="com.tests.SearchResultTests" name="VerifyResultPage" time="0.018"/>
  <testcase classname="com.tests.SearchResultTests" name="AllTabTest" time="0.426"/>
  <testcase classname="com.tests.SearchResultTests" name="NewsTabTest" time="6.592"/>
  <testcase classname="com.tests.SearchResultTests" name="ImagesTabTest" time="6.814"/>
  <testcase classname="com.tests.SearchResultTests" name="VideosTabTest" time="11.726"/>
</testsuite> <!-- Surefire test -->
