<?xml version="1.0" encoding="UTF-8"?>
<testng-results ignored="0" total="10" passed="10" failed="0" skipped="0">
  <reporter-output>
  </reporter-output>
  <suite started-at="2026-04-20T11:16:30 IST" name="Surefire suite" finished-at="2026-04-20T11:17:47 IST" duration-ms="76925">
    <groups>
    </groups>
    <test started-at="2026-04-20T11:16:30 IST" name="Surefire test" finished-at="2026-04-20T11:17:47 IST" duration-ms="76925">
      <class name="com.tests.HomePageTests">
        <test-method is-config="true" signature="setupReports()[pri:0, instance:com.tests.HomePageTests@6d3c5255]" started-at="2026-04-20T11:16:30 IST" name="setupReports" finished-at="2026-04-20T11:16:30 IST" duration-ms="231" status="PASS">
          <reporter-output>
          </reporter-output>
        </test-method> <!-- setupReports -->
        <test-method signature="VerifyHomePage()[pri:0, instance:com.tests.HomePageTests@6d3c5255]" started-at="2026-04-20T11:16:30 IST" name="VerifyHomePage" finished-at="2026-04-20T11:16:30 IST" duration-ms="33" status="PASS">
          <reporter-output>
          </reporter-output>
        </test-method> <!-- VerifyHomePage -->
        <test-method signature="NoOfLinksInWebPage()[pri:0, instance:com.tests.HomePageTests@6d3c5255]" started-at="2026-04-20T11:16:30 IST" name="NoOfLinksInWebPage" finished-at="2026-04-20T11:16:30 IST" depends-on-methods="com.tests.HomePageTests.VerifyHomePage" duration-ms="351" status="PASS">
          <reporter-output>
          </reporter-output>
        </test-method> <!-- NoOfLinksInWebPage -->
        <test-method signature="VerifySearchText()[pri:0, instance:com.tests.HomePageTests@6d3c5255]" started-at="2026-04-20T11:16:30 IST" name="VerifySearchText" finished-at="2026-04-20T11:16:30 IST" depends-on-methods="com.tests.HomePageTests.NoOfLinksInWebPage" duration-ms="115" status="PASS">
          <reporter-output>
          </reporter-output>
        </test-method> <!-- VerifySearchText -->
        <test-method signature="ScreenshotOfSearchSuggestion()[pri:0, instance:com.tests.HomePageTests@6d3c5255]" started-at="2026-04-20T11:16:30 IST" name="ScreenshotOfSearchSuggestion" finished-at="2026-04-20T11:16:31 IST" depends-on-methods="com.tests.HomePageTests.VerifySearchText" duration-ms="734" status="PASS">
          <reporter-output>
          </reporter-output>
        </test-method> <!-- ScreenshotOfSearchSuggestion -->
        <test-method signature="NoOfSearchSuggestionDisplayed()[pri:0, instance:com.tests.HomePageTests@6d3c5255]" started-at="2026-04-20T11:16:31 IST" name="NoOfSearchSuggestionDisplayed" finished-at="2026-04-20T11:17:21 IST" depends-on-methods="com.tests.HomePageTests.ScreenshotOfSearchSuggestion" duration-ms="50064" status="PASS">
          <reporter-output>
          </reporter-output>
        </test-method> <!-- NoOfSearchSuggestionDisplayed -->
        <test-method is-config="true" signature="tearDownReport()[pri:0, instance:com.tests.HomePageTests@6d3c5255]" started-at="2026-04-20T11:17:47 IST" name="tearDownReport" finished-at="2026-04-20T11:17:56 IST" duration-ms="8893" status="PASS">
          <reporter-output>
          </reporter-output>
        </test-method> <!-- tearDownReport -->
      </class> <!-- com.tests.HomePageTests -->
      <class name="com.tests.SearchResultTests">
        <test-method signature="VerifyResultPage()[pri:0, instance:com.tests.SearchResultTests@2eee3069]" started-at="2026-04-20T11:17:21 IST" name="VerifyResultPage" finished-at="2026-04-20T11:17:21 IST" duration-ms="18" status="PASS">
          <reporter-output>
          </reporter-output>
        </test-method> <!-- VerifyResultPage -->
        <test-method signature="AllTabTest()[pri:0, instance:com.tests.SearchResultTests@2eee3069]" started-at="2026-04-20T11:17:21 IST" name="AllTabTest" finished-at="2026-04-20T11:17:22 IST" depends-on-methods="com.tests.SearchResultTests.VerifyResultPage" duration-ms="426" status="PASS">
          <reporter-output>
          </reporter-output>
        </test-method> <!-- AllTabTest -->
        <test-method signature="NewsTabTest()[pri:0, instance:com.tests.SearchResultTests@2eee3069]" started-at="2026-04-20T11:17:22 IST" name="NewsTabTest" finished-at="2026-04-20T11:17:28 IST" depends-on-methods="com.tests.SearchResultTests.AllTabTest" duration-ms="6592" status="PASS">
          <reporter-output>
          </reporter-output>
        </test-method> <!-- NewsTabTest -->
        <test-method signature="ImagesTabTest()[pri:0, instance:com.tests.SearchResultTests@2eee3069]" started-at="2026-04-20T11:17:28 IST" name="ImagesTabTest" finished-at="2026-04-20T11:17:35 IST" depends-on-methods="com.tests.SearchResultTests.NewsTabTest" duration-ms="6814" status="PASS">
          <reporter-output>
          </reporter-output>
        </test-method> <!-- ImagesTabTest -->
        <test-method signature="VideosTabTest()[pri:0, instance:com.tests.SearchResultTests@2eee3069]" started-at="2026-04-20T11:17:35 IST" name="VideosTabTest" finished-at="2026-04-20T11:17:47 IST" depends-on-methods="com.tests.SearchResultTests.ImagesTabTest" duration-ms="11726" status="PASS">
          <reporter-output>
          </reporter-output>
        </test-method> <!-- VideosTabTest -->
      </class> <!-- com.tests.SearchResultTests -->
    </test> <!-- Surefire test -->
  </suite> <!-- Surefire suite -->
</testng-results>
