<?xml version="1.0" encoding="UTF-8"?>
<testsuite xmlns:xsi="http://www.w3.org/2001/XMLSchema-instance" xsi:noNamespaceSchemaLocation="https://maven.apache.org/surefire/maven-surefire-plugin/xsd/surefire-test-report.xsd" version="3.0.2" name="TestSuite" time="93.282" tests="10" errors="0" skipped="0" failures="0">
  <properties>
[...]
</properties>
  <testcase name="VerifyHomePage" classname="com.tests.HomePageTests" time="0.033">
    <system-err><![CDATA[SLF4J(W): No SLF4J providers were found.
SLF4J(W): Defaulting to no-operation (NOP) logger implementation
SLF4J(W): See https://www.slf4j.org/codes.html#noProviders for further details.
Apr 20, 2026 11:16:27 AM org.openqa.selenium.devtools.CdpVersionFinder findNearestMatch
WARNING: Unable to find an exact match for CDP version 146, returning the closest version; found: 145; Please update to a Selenium version that supports CDP version 146
]]></system-err>
  </testcase>
  <testcase name="NoOfLinksInWebPage" classname="com.tests.HomePageTests" time="0.351">
    <system-out><![CDATA[No of Links on the Home Page : 25
Link 1:About
Link 2:Store
Link 3:Gmail
Link 4:Images
Link 5:
Link 6:Sign in
Link 7:हिन्दी
Link 8:বাংলা
Link 9:తెలుగు
Link 10:मराठी
Link 11:தமிழ்
Link 12:ગુજરાતી
Link 13:ಕನ್ನಡ
Link 14:മലയാളം
Link 15:ਪੰਜਾਬੀ
Link 16:Advertising
Link 17:Business
Link 18:How Search works
Link 19:Privacy
Link 20:Terms
Link 21:
Link 22:
Link 23:
Link 24:
Link 25:
]]></system-out>
  </testcase>
  <testcase name="VerifySearchText" classname="com.tests.HomePageTests" time="0.115"/>
  <testcase name="ScreenshotOfSearchSuggestion" classname="com.tests.HomePageTests" time="0.734">
    <system-out><![CDATA[Screenshot saved: screenshots\1_searchSuggestions.png
]]></system-out>
  </testcase>
  <testcase name="NoOfSearchSuggestionDisplayed" classname="com.tests.HomePageTests" time="50.064">
    <system-out><![CDATA[suggestions 1:cognizant
suggestions 2:cognizant careers
suggestions 3:cognizant bangalore
suggestions 4:cognizant meaning
suggestions 5:cognizant share price
suggestions 6:cognizant careers login
suggestions 7:cognizant whitefield
Cognizant Technology Solutions · Kundalahalli Colony, Brookefield, Bengaluru, Karnataka
suggestions 8:cognizant office bangalore
suggestions 9:cognizant careers bangalore
suggestions 10:cognizant hiring freshers
]]></system-out>
  </testcase>
  <testcase name="VerifyResultPage" classname="com.tests.SearchResultTests" time="0.021">
    <system-out><![CDATA[Result Page Title : Cognizant - Google Search
]]></system-out>
  </testcase>
  <testcase name="AllTabTest" classname="com.tests.SearchResultTests" time="0.425">
    <system-out><![CDATA[---- All Tab ----
Full-page screenshot saved: C:\Users\2478759\Desktop\SeleniumHandsOn\GoogleAutomationProject\screenshots\2_AllTab.png
Bottom screenshot saved: C:\Users\2478759\Desktop\SeleniumHandsOn\GoogleAutomationProject\screenshots\3_AllTab_bottom.png
]]></system-out>
  </testcase>
  <testcase name="NewsTabTest" classname="com.tests.SearchResultTests" time="6.589">
    <system-out><![CDATA[---- News Tab ----
Full-page screenshot saved: C:\Users\2478759\Desktop\SeleniumHandsOn\GoogleAutomationProject\screenshots\4_NewsTab.png
Bottom screenshot saved: C:\Users\2478759\Desktop\SeleniumHandsOn\GoogleAutomationProject\screenshots\5_NewsTab_bottom.png
]]></system-out>
  </testcase>
  <testcase name="ImagesTabTest" classname="com.tests.SearchResultTests" time="6.821">
    <system-out><![CDATA[---- Images Tab ----
Full-page screenshot saved: C:\Users\2478759\Desktop\SeleniumHandsOn\GoogleAutomationProject\screenshots\6_ImagesTab.png
Bottom screenshot saved: C:\Users\2478759\Desktop\SeleniumHandsOn\GoogleAutomationProject\screenshots\7_ImagesTab_bottom.png
]]></system-out>
  </testcase>
  <testcase name="VideosTabTest" classname="com.tests.SearchResultTests" time="11.727">
    <system-out><![CDATA[---- Videos Tab ----
Full-page screenshot saved: C:\Users\2478759\Desktop\SeleniumHandsOn\GoogleAutomationProject\screenshots\8_VideosTab.png
Bottom screenshot saved: C:\Users\2478759\Desktop\SeleniumHandsOn\GoogleAutomationProject\screenshots\9_VideosTab_bottom.png
]]></system-out>
  </testcase>
</testsuite>