<?xml version="1.0" encoding="UTF-8"?>
<!-- Generated by org.testng.reporters.JUnitReportReporter -->
<testsuite hostname="LTIN718733" failures="0" tests="5" name="com.tests.SearchResultTests" time="25.576" errors="0" timestamp="2026-04-20T11:17:56 IST" skipped="0">
  <testcase classname="com.tests.SearchResultTests" name="AllTabTest" time="0.426"/>
  <testcase classname="com.tests.SearchResultTests" name="NewsTabTest" time="6.592"/>
  <testcase classname="com.tests.SearchResultTests" name="ImagesTabTest" time="6.814"/>
  <testcase classname="com.tests.SearchResultTests" name="VideosTabTest" time="11.726"/>
  <testcase classname="com.tests.SearchResultTests" name="VerifyResultPage" time="0.018"/>
</testsuite> <!-- com.tests.SearchResultTests -->
